<?xml version="1.0" encoding="UTF-8"?>
<!-- Generated by org.testng.reporters.JUnitReportReporter -->
<testsuite hostname="Chinna" name="com.qa.hs.test.loginTest" tests="1" failures="0" timestamp="5 Dec 2019 11:12:48 GMT" time="83.596" errors="0">
  <testcase name="login" time="83.596" classname="com.qa.hs.test.loginTest"/>
</testsuite> <!-- com.qa.hs.test.loginTest -->
