<?xml version="1.0" encoding="UTF-8"?>
<!-- Generated by org.testng.reporters.JUnitReportReporter -->
<testsuite hostname="Chinna" name="com.qa.hs.test.loginTest1" tests="1" failures="0" timestamp="5 Dec 2019 16:22:04 GMT" time="138.760" errors="0">
  <testcase name="login" time="138.760" classname="com.qa.hs.test.loginTest1"/>
</testsuite> <!-- com.qa.hs.test.loginTest1 -->
