<?xml version="1.0" encoding="UTF-8"?>
<!-- Generated by org.testng.reporters.JUnitReportReporter -->
<testsuite hostname="Chinna" name="com.qa.hs.test.loginTest" tests="1" failures="0" timestamp="5 Dec 2019 15:25:09 GMT" time="31.006" errors="0">
  <testcase name="login" time="31.006" classname="com.qa.hs.test.loginTest"/>
</testsuite> <!-- com.qa.hs.test.loginTest -->
