<?xml version="1.0" encoding="UTF-8"?>
<!-- Generated by org.testng.reporters.JUnitReportReporter -->
<testsuite hostname="Chinna" name="com.qa.hs.test.loginTest2" tests="2" failures="0" timestamp="5 Dec 2019 17:51:19 GMT" time="45.342" errors="0">
  <testcase name="login" time="21.105" classname="com.qa.hs.test.loginTest2"/>
  <testcase name="signup" time="24.237" classname="com.qa.hs.test.loginTest2"/>
</testsuite> <!-- com.qa.hs.test.loginTest2 -->
